<?xml version="1.0" encoding="UTF-8"?>
<robot generator="Robot 7.0 (Python 3.12.2 on win32)" generated="2024-04-05T11:24:46.183679" rpa="false" schemaversion="5">
<suite id="s1" name="Demo" source="C:\ProjectNinja\demo.robot">
<test id="s1-t1" name="login with standard user" line="22">
<kw name="Launch browser with URL">
<msg time="2024-04-05T11:24:46.246642" level="FAIL">No keyword with name 'Launch browser with URL' found.</msg>
<arg>${URL}</arg>
<arg>${BROWSER}</arg>
<status status="FAIL" start="2024-04-05T11:24:46.246642" elapsed="0.000000">No keyword with name 'Launch browser with URL' found.</status>
</kw>
<kw name="Sleep" owner="BuiltIn">
<arg>2s</arg>
<doc>Pauses the test executed for the given time.</doc>
<status status="NOT RUN" start="2024-04-05T11:24:46.247641" elapsed="0.000000"/>
</kw>
<kw name="maximize browser window">
<status status="NOT RUN" start="2024-04-05T11:24:46.248640" elapsed="0.000000"/>
</kw>
<kw name="set input on text box">
<arg>${username_field}</arg>
<arg>${STANDARD_USER}</arg>
<status status="NOT RUN" start="2024-04-05T11:24:46.250640" elapsed="0.000000"/>
</kw>
<kw name="Sleep" owner="BuiltIn">
<arg>2s</arg>
<doc>Pauses the test executed for the given time.</doc>
<status status="NOT RUN" start="2024-04-05T11:24:46.250640" elapsed="0.000000"/>
</kw>
<kw name="set input on text box">
<arg>${password_field}</arg>
<arg>${PASSWORD_ALL}</arg>
<status status="NOT RUN" start="2024-04-05T11:24:46.252639" elapsed="0.000000"/>
</kw>
<kw name="Sleep" owner="BuiltIn">
<arg>2s</arg>
<doc>Pauses the test executed for the given time.</doc>
<status status="NOT RUN" start="2024-04-05T11:24:46.252639" elapsed="0.000000"/>
</kw>
<kw name="push button">
<arg>${logIn_Button}</arg>
<status status="NOT RUN" start="2024-04-05T11:24:46.254637" elapsed="0.000000"/>
</kw>
<kw name="Sleep" owner="BuiltIn">
<arg>5s</arg>
<doc>Pauses the test executed for the given time.</doc>
<status status="NOT RUN" start="2024-04-05T11:24:46.255638" elapsed="0.000000"/>
</kw>
<kw name="close Browser">
<status status="NOT RUN" start="2024-04-05T11:24:46.256636" elapsed="0.000000"/>
</kw>
<status status="FAIL" start="2024-04-05T11:24:46.244645" elapsed="0.012991">No keyword with name 'Launch browser with URL' found.</status>
</test>
<test id="s1-t2" name="login with locked_out user" line="35">
<kw name="Launch browser with URL">
<msg time="2024-04-05T11:24:46.263635" level="FAIL">No keyword with name 'Launch browser with URL' found.</msg>
<arg>${URL}</arg>
<arg>${BROWSER}</arg>
<status status="FAIL" start="2024-04-05T11:24:46.263635" elapsed="0.000000">No keyword with name 'Launch browser with URL' found.</status>
</kw>
<kw name="Sleep" owner="BuiltIn">
<arg>2s</arg>
<doc>Pauses the test executed for the given time.</doc>
<status status="NOT RUN" start="2024-04-05T11:24:46.264633" elapsed="0.000000"/>
</kw>
<kw name="maximize browser window">
<status status="NOT RUN" start="2024-04-05T11:24:46.266635" elapsed="0.000000"/>
</kw>
<kw name="set input on text box">
<arg>${username_field}</arg>
<arg>${LOCKED_USER}</arg>
<status status="NOT RUN" start="2024-04-05T11:24:46.268631" elapsed="0.000000"/>
</kw>
<kw name="Sleep" owner="BuiltIn">
<arg>2s</arg>
<doc>Pauses the test executed for the given time.</doc>
<status status="NOT RUN" start="2024-04-05T11:24:46.269631" elapsed="0.000000"/>
</kw>
<kw name="set input on text box">
<arg>${password_field}</arg>
<arg>${PASSWORD_ALL}</arg>
<status status="NOT RUN" start="2024-04-05T11:24:46.271628" elapsed="0.000000"/>
</kw>
<kw name="Sleep" owner="BuiltIn">
<arg>2s</arg>
<doc>Pauses the test executed for the given time.</doc>
<status status="NOT RUN" start="2024-04-05T11:24:46.272631" elapsed="0.000000"/>
</kw>
<kw name="push button">
<arg>${logIn_Button}</arg>
<status status="NOT RUN" start="2024-04-05T11:24:46.273626" elapsed="0.000000"/>
</kw>
<kw name="Sleep" owner="BuiltIn">
<arg>5s</arg>
<doc>Pauses the test executed for the given time.</doc>
<status status="NOT RUN" start="2024-04-05T11:24:46.274629" elapsed="0.000000"/>
</kw>
<kw name="close Browser">
<status status="NOT RUN" start="2024-04-05T11:24:46.276627" elapsed="0.000000"/>
</kw>
<status status="FAIL" start="2024-04-05T11:24:46.260637" elapsed="0.015990">No keyword with name 'Launch browser with URL' found.</status>
</test>
<test id="s1-t3" name="login with problem user" line="47">
<kw name="Launch browser with URL">
<msg time="2024-04-05T11:24:46.280626" level="FAIL">No keyword with name 'Launch browser with URL' found.</msg>
<arg>${URL}</arg>
<arg>${BROWSER}</arg>
<status status="FAIL" start="2024-04-05T11:24:46.280626" elapsed="0.001002">No keyword with name 'Launch browser with URL' found.</status>
</kw>
<kw name="Sleep" owner="BuiltIn">
<arg>2s</arg>
<doc>Pauses the test executed for the given time.</doc>
<status status="NOT RUN" start="2024-04-05T11:24:46.281628" elapsed="0.000000"/>
</kw>
<kw name="maximize browser window">
<status status="NOT RUN" start="2024-04-05T11:24:46.283622" elapsed="0.000000"/>
</kw>
<kw name="set input on text box">
<arg>${username_field}</arg>
<arg>${PROBLEM_USER}</arg>
<status status="NOT RUN" start="2024-04-05T11:24:46.284622" elapsed="0.000000"/>
</kw>
<kw name="Sleep" owner="BuiltIn">
<arg>2s</arg>
<doc>Pauses the test executed for the given time.</doc>
<status status="NOT RUN" start="2024-04-05T11:24:46.285624" elapsed="0.000000"/>
</kw>
<kw name="set input on text box">
<arg>${password_field}</arg>
<arg>${PASSWORD_ALL}</arg>
<status status="NOT RUN" start="2024-04-05T11:24:46.287625" elapsed="0.000000"/>
</kw>
<kw name="Sleep" owner="BuiltIn">
<arg>2s</arg>
<doc>Pauses the test executed for the given time.</doc>
<status status="NOT RUN" start="2024-04-05T11:24:46.288620" elapsed="0.000000"/>
</kw>
<kw name="push button">
<arg>${logIn_Button}</arg>
<status status="NOT RUN" start="2024-04-05T11:24:46.289619" elapsed="0.000000"/>
</kw>
<kw name="Sleep" owner="BuiltIn">
<arg>5s</arg>
<doc>Pauses the test executed for the given time.</doc>
<status status="NOT RUN" start="2024-04-05T11:24:46.290619" elapsed="0.000000"/>
</kw>
<kw name="close Browser">
<status status="NOT RUN" start="2024-04-05T11:24:46.292619" elapsed="0.000000"/>
</kw>
<status status="FAIL" start="2024-04-05T11:24:46.278624" elapsed="0.014994">No keyword with name 'Launch browser with URL' found.</status>
</test>
<test id="s1-t4" name="login with performance_glitch user" line="59">
<kw name="Launch browser with URL">
<msg time="2024-04-05T11:24:46.296616" level="FAIL">No keyword with name 'Launch browser with URL' found.</msg>
<arg>${URL}</arg>
<arg>${BROWSER}</arg>
<status status="FAIL" start="2024-04-05T11:24:46.296616" elapsed="0.000000">No keyword with name 'Launch browser with URL' found.</status>
</kw>
<kw name="Sleep" owner="BuiltIn">
<arg>2s</arg>
<doc>Pauses the test executed for the given time.</doc>
<status status="NOT RUN" start="2024-04-05T11:24:46.297615" elapsed="0.000000"/>
</kw>
<kw name="maximize browser window">
<status status="NOT RUN" start="2024-04-05T11:24:46.299616" elapsed="0.000000"/>
</kw>
<kw name="set input on text box">
<arg>${username_field}</arg>
<arg>${GLITCH_USER}</arg>
<status status="NOT RUN" start="2024-04-05T11:24:46.300613" elapsed="0.000000"/>
</kw>
<kw name="Sleep" owner="BuiltIn">
<arg>2s</arg>
<doc>Pauses the test executed for the given time.</doc>
<status status="NOT RUN" start="2024-04-05T11:24:46.301613" elapsed="0.000000"/>
</kw>
<kw name="set input on text box">
<arg>${password_field}</arg>
<arg>${PASSWORD_ALL}</arg>
<status status="NOT RUN" start="2024-04-05T11:24:46.303610" elapsed="0.000000"/>
</kw>
<kw name="Sleep" owner="BuiltIn">
<arg>2s</arg>
<doc>Pauses the test executed for the given time.</doc>
<status status="NOT RUN" start="2024-04-05T11:24:46.304609" elapsed="0.000000"/>
</kw>
<kw name="push button">
<arg>${logIn_Button}</arg>
<status status="NOT RUN" start="2024-04-05T11:24:46.305609" elapsed="0.000000"/>
</kw>
<kw name="Sleep" owner="BuiltIn">
<arg>5s</arg>
<doc>Pauses the test executed for the given time.</doc>
<status status="NOT RUN" start="2024-04-05T11:24:46.306610" elapsed="0.000000"/>
</kw>
<kw name="close Browser">
<status status="NOT RUN" start="2024-04-05T11:24:46.308607" elapsed="0.000000"/>
</kw>
<status status="FAIL" start="2024-04-05T11:24:46.294615" elapsed="0.014992">No keyword with name 'Launch browser with URL' found.</status>
</test>
<status status="FAIL" start="2024-04-05T11:24:46.187680" elapsed="0.123927"/>
</suite>
<statistics>
<total>
<stat pass="0" fail="4" skip="0">All Tests</stat>
</total>
<tag>
</tag>
<suite>
<stat pass="0" fail="4" skip="0" id="s1" name="Demo">Demo</stat>
</suite>
</statistics>
<errors>
<msg time="2024-04-05T11:24:46.170687" level="WARN">Error in file 'C:\ProjectNinja\demo.robot' on line 8: Singular section headers like '*** Variable ***' are deprecated. Use plural format like '*** Variables ***' instead.</msg>
<msg time="2024-04-05T11:24:46.238650" level="ERROR">Error in file 'C:\ProjectNinja\demo.robot' on line 4: Importing library 'SeleniumLibrary' failed: ModuleNotFoundError: No module named 'SeleniumLibrary'
Traceback (most recent call last):
  None
PYTHONPATH:
  C:\python\Scripts\robot.exe
  C:\python\python312.zip
  C:\python\DLLs
  C:\python\Lib
  C:\python
  C:\python\Lib\site-packages</msg>
<msg time="2024-04-05T11:24:46.241647" level="ERROR">Error in file 'C:\ProjectNinja\demo.robot' on line 5: Resource file 'C:\ProjectNinja\Resources\resources.robot' does not exist.</msg>
</errors>
</robot>
